{"D:\\My_AI_App\\src\\astrology\\astrology.js": {"path":"D:\\My_AI_App\\src\\astrology\\astrology.js","all":false,"statementMap":{"0":{"start":{"line":1,"column":0},"end":{"line":1,"column":31}},"1":{"start":{"line":2,"column":0},"end":{"line":2,"column":33}},"2":{"start":{"line":3,"column":0},"end":{"line":3,"column":29}},"3":{"start":{"line":4,"column":0},"end":{"line":4,"column":0}},"4":{"start":{"line":5,"column":0},"end":{"line":5,"column":22}},"5":{"start":{"line":6,"column":0},"end":{"line":6,"column":106}},"6":{"start":{"line":7,"column":0},"end":{"line":7,"column":100}},"7":{"start":{"line":8,"column":0},"end":{"line":8,"column":102}},"8":{"start":{"line":9,"column":0},"end":{"line":9,"column":107}},"9":{"start":{"line":10,"column":0},"end":{"line":10,"column":95}},"10":{"start":{"line":11,"column":0},"end":{"line":11,"column":106}},"11":{"start":{"line":12,"column":0},"end":{"line":12,"column":104}},"12":{"start":{"line":13,"column":0},"end":{"line":13,"column":109}},"13":{"start":{"line":14,"column":0},"end":{"line":14,"column":111}},"14":{"start":{"line":15,"column":0},"end":{"line":15,"column":115}},"15":{"start":{"line":16,"column":0},"end":{"line":16,"column":109}},"16":{"start":{"line":17,"column":0},"end":{"line":17,"column":111}},"17":{"start":{"line":18,"column":0},"end":{"line":18,"column":2}},"18":{"start":{"line":19,"column":0},"end":{"line":19,"column":0}},"19":{"start":{"line":20,"column":0},"end":{"line":20,"column":23}},"20":{"start":{"line":21,"column":0},"end":{"line":21,"column":38}},"21":{"start":{"line":22,"column":0},"end":{"line":22,"column":36}},"22":{"start":{"line":23,"column":0},"end":{"line":23,"column":50}},"23":{"start":{"line":24,"column":0},"end":{"line":24,"column":44}},"24":{"start":{"line":25,"column":0},"end":{"line":25,"column":40}},"25":{"start":{"line":26,"column":0},"end":{"line":26,"column":45}},"26":{"start":{"line":27,"column":0},"end":{"line":27,"column":47}},"27":{"start":{"line":28,"column":0},"end":{"line":28,"column":54}},"28":{"start":{"line":29,"column":0},"end":{"line":29,"column":44}},"29":{"start":{"line":30,"column":0},"end":{"line":30,"column":43}},"30":{"start":{"line":31,"column":0},"end":{"line":31,"column":46}},"31":{"start":{"line":32,"column":0},"end":{"line":32,"column":55}},"32":{"start":{"line":33,"column":0},"end":{"line":33,"column":2}},"33":{"start":{"line":34,"column":0},"end":{"line":34,"column":0}},"34":{"start":{"line":35,"column":0},"end":{"line":35,"column":27}},"35":{"start":{"line":36,"column":0},"end":{"line":36,"column":67}},"36":{"start":{"line":37,"column":0},"end":{"line":37,"column":63}},"37":{"start":{"line":38,"column":0},"end":{"line":38,"column":68}},"38":{"start":{"line":39,"column":0},"end":{"line":39,"column":64}},"39":{"start":{"line":40,"column":0},"end":{"line":40,"column":68}},"40":{"start":{"line":41,"column":0},"end":{"line":41,"column":67}},"41":{"start":{"line":42,"column":0},"end":{"line":42,"column":73}},"42":{"start":{"line":43,"column":0},"end":{"line":43,"column":79}},"43":{"start":{"line":44,"column":0},"end":{"line":44,"column":75}},"44":{"start":{"line":45,"column":0},"end":{"line":45,"column":72}},"45":{"start":{"line":46,"column":0},"end":{"line":46,"column":68}},"46":{"start":{"line":47,"column":0},"end":{"line":47,"column":67}},"47":{"start":{"line":48,"column":0},"end":{"line":48,"column":2}},"48":{"start":{"line":49,"column":0},"end":{"line":49,"column":0}},"49":{"start":{"line":50,"column":0},"end":{"line":50,"column":31}},"50":{"start":{"line":51,"column":0},"end":{"line":51,"column":106}},"51":{"start":{"line":52,"column":0},"end":{"line":52,"column":119}},"52":{"start":{"line":53,"column":0},"end":{"line":53,"column":109}},"53":{"start":{"line":54,"column":0},"end":{"line":54,"column":119}},"54":{"start":{"line":55,"column":0},"end":{"line":55,"column":121}},"55":{"start":{"line":56,"column":0},"end":{"line":56,"column":118}},"56":{"start":{"line":57,"column":0},"end":{"line":57,"column":115}},"57":{"start":{"line":58,"column":0},"end":{"line":58,"column":120}},"58":{"start":{"line":59,"column":0},"end":{"line":59,"column":107}},"59":{"start":{"line":60,"column":0},"end":{"line":60,"column":2}},"60":{"start":{"line":61,"column":0},"end":{"line":61,"column":0}},"61":{"start":{"line":62,"column":0},"end":{"line":62,"column":28}},"62":{"start":{"line":63,"column":0},"end":{"line":63,"column":42}},"63":{"start":{"line":64,"column":0},"end":{"line":64,"column":43}},"64":{"start":{"line":65,"column":0},"end":{"line":65,"column":46}},"65":{"start":{"line":66,"column":0},"end":{"line":66,"column":44}},"66":{"start":{"line":67,"column":0},"end":{"line":67,"column":44}},"67":{"start":{"line":68,"column":0},"end":{"line":68,"column":46}},"68":{"start":{"line":69,"column":0},"end":{"line":69,"column":41}},"69":{"start":{"line":70,"column":0},"end":{"line":70,"column":46}},"70":{"start":{"line":71,"column":0},"end":{"line":71,"column":43}},"71":{"start":{"line":72,"column":0},"end":{"line":72,"column":44}},"72":{"start":{"line":73,"column":0},"end":{"line":73,"column":42}},"73":{"start":{"line":74,"column":0},"end":{"line":74,"column":41}},"74":{"start":{"line":75,"column":0},"end":{"line":75,"column":50}},"75":{"start":{"line":76,"column":0},"end":{"line":76,"column":53}},"76":{"start":{"line":77,"column":0},"end":{"line":77,"column":57}},"77":{"start":{"line":78,"column":0},"end":{"line":78,"column":38}},"78":{"start":{"line":79,"column":0},"end":{"line":79,"column":37}},"79":{"start":{"line":80,"column":0},"end":{"line":80,"column":47}},"80":{"start":{"line":81,"column":0},"end":{"line":81,"column":2}},"81":{"start":{"line":82,"column":0},"end":{"line":82,"column":0}},"82":{"start":{"line":83,"column":0},"end":{"line":83,"column":29}},"83":{"start":{"line":84,"column":0},"end":{"line":84,"column":37}},"84":{"start":{"line":85,"column":0},"end":{"line":85,"column":1}},"85":{"start":{"line":86,"column":0},"end":{"line":86,"column":0}},"86":{"start":{"line":87,"column":0},"end":{"line":87,"column":31}},"87":{"start":{"line":88,"column":0},"end":{"line":88,"column":31}},"88":{"start":{"line":89,"column":0},"end":{"line":89,"column":1}},"89":{"start":{"line":90,"column":0},"end":{"line":90,"column":0}},"90":{"start":{"line":91,"column":0},"end":{"line":91,"column":31}},"91":{"start":{"line":92,"column":0},"end":{"line":92,"column":31}},"92":{"start":{"line":93,"column":0},"end":{"line":93,"column":1}},"93":{"start":{"line":94,"column":0},"end":{"line":94,"column":0}},"94":{"start":{"line":95,"column":0},"end":{"line":95,"column":36}},"95":{"start":{"line":96,"column":0},"end":{"line":96,"column":72}},"96":{"start":{"line":97,"column":0},"end":{"line":97,"column":62}},"97":{"start":{"line":98,"column":0},"end":{"line":98,"column":19}},"98":{"start":{"line":99,"column":0},"end":{"line":99,"column":83}},"99":{"start":{"line":100,"column":0},"end":{"line":100,"column":3}},"100":{"start":{"line":101,"column":0},"end":{"line":101,"column":18}},"101":{"start":{"line":102,"column":0},"end":{"line":102,"column":1}},"102":{"start":{"line":103,"column":0},"end":{"line":103,"column":0}},"103":{"start":{"line":104,"column":0},"end":{"line":104,"column":34}},"104":{"start":{"line":105,"column":0},"end":{"line":105,"column":58}},"105":{"start":{"line":106,"column":0},"end":{"line":106,"column":50}},"106":{"start":{"line":107,"column":0},"end":{"line":107,"column":45}},"107":{"start":{"line":108,"column":0},"end":{"line":108,"column":46}},"108":{"start":{"line":109,"column":0},"end":{"line":109,"column":8}},"109":{"start":{"line":110,"column":0},"end":{"line":110,"column":26}},"110":{"start":{"line":111,"column":0},"end":{"line":111,"column":1}},"111":{"start":{"line":112,"column":0},"end":{"line":112,"column":0}},"112":{"start":{"line":113,"column":0},"end":{"line":113,"column":36}},"113":{"start":{"line":114,"column":0},"end":{"line":114,"column":49}},"114":{"start":{"line":115,"column":0},"end":{"line":115,"column":1}},"115":{"start":{"line":116,"column":0},"end":{"line":116,"column":0}},"116":{"start":{"line":117,"column":0},"end":{"line":117,"column":41}},"117":{"start":{"line":118,"column":0},"end":{"line":118,"column":30}},"118":{"start":{"line":119,"column":0},"end":{"line":119,"column":1}},"119":{"start":{"line":120,"column":0},"end":{"line":120,"column":0}},"120":{"start":{"line":121,"column":0},"end":{"line":121,"column":72}},"121":{"start":{"line":122,"column":0},"end":{"line":122,"column":89}},"122":{"start":{"line":123,"column":0},"end":{"line":123,"column":38}},"123":{"start":{"line":124,"column":0},"end":{"line":124,"column":1}},"124":{"start":{"line":125,"column":0},"end":{"line":125,"column":0}},"125":{"start":{"line":126,"column":0},"end":{"line":126,"column":34}},"126":{"start":{"line":127,"column":0},"end":{"line":127,"column":23}},"127":{"start":{"line":128,"column":0},"end":{"line":128,"column":49}},"128":{"start":{"line":129,"column":0},"end":{"line":129,"column":48}},"129":{"start":{"line":130,"column":0},"end":{"line":130,"column":80}},"130":{"start":{"line":131,"column":0},"end":{"line":131,"column":1}},"131":{"start":{"line":132,"column":0},"end":{"line":132,"column":0}},"132":{"start":{"line":133,"column":0},"end":{"line":133,"column":35}},"133":{"start":{"line":134,"column":0},"end":{"line":134,"column":23}},"134":{"start":{"line":135,"column":0},"end":{"line":135,"column":42}},"135":{"start":{"line":136,"column":0},"end":{"line":136,"column":42}},"136":{"start":{"line":137,"column":0},"end":{"line":137,"column":41}},"137":{"start":{"line":138,"column":0},"end":{"line":138,"column":224}},"138":{"start":{"line":139,"column":0},"end":{"line":139,"column":1}},"139":{"start":{"line":140,"column":0},"end":{"line":140,"column":0}},"140":{"start":{"line":141,"column":0},"end":{"line":141,"column":38}},"141":{"start":{"line":142,"column":0},"end":{"line":142,"column":23}},"142":{"start":{"line":143,"column":0},"end":{"line":143,"column":31}},"143":{"start":{"line":144,"column":0},"end":{"line":144,"column":33}},"144":{"start":{"line":145,"column":0},"end":{"line":145,"column":101}},"145":{"start":{"line":146,"column":0},"end":{"line":146,"column":100}},"146":{"start":{"line":147,"column":0},"end":{"line":147,"column":85}},"147":{"start":{"line":148,"column":0},"end":{"line":148,"column":87}},"148":{"start":{"line":149,"column":0},"end":{"line":149,"column":86}},"149":{"start":{"line":150,"column":0},"end":{"line":150,"column":44}},"150":{"start":{"line":151,"column":0},"end":{"line":151,"column":81}},"151":{"start":{"line":152,"column":0},"end":{"line":152,"column":82}},"152":{"start":{"line":153,"column":0},"end":{"line":153,"column":79}},"153":{"start":{"line":154,"column":0},"end":{"line":154,"column":0}},"154":{"start":{"line":155,"column":0},"end":{"line":155,"column":10}},"155":{"start":{"line":156,"column":0},"end":{"line":156,"column":17}},"156":{"start":{"line":157,"column":0},"end":{"line":157,"column":19}},"157":{"start":{"line":158,"column":0},"end":{"line":158,"column":25}},"158":{"start":{"line":159,"column":0},"end":{"line":159,"column":21}},"159":{"start":{"line":160,"column":0},"end":{"line":160,"column":19}},"160":{"start":{"line":161,"column":0},"end":{"line":161,"column":25}},"161":{"start":{"line":162,"column":0},"end":{"line":162,"column":23}},"162":{"start":{"line":163,"column":0},"end":{"line":163,"column":19}},"163":{"start":{"line":164,"column":0},"end":{"line":164,"column":31}},"164":{"start":{"line":165,"column":0},"end":{"line":165,"column":23}},"165":{"start":{"line":166,"column":0},"end":{"line":166,"column":25}},"166":{"start":{"line":167,"column":0},"end":{"line":167,"column":20}},"167":{"start":{"line":168,"column":0},"end":{"line":168,"column":4}},"168":{"start":{"line":169,"column":0},"end":{"line":169,"column":1}},"169":{"start":{"line":170,"column":0},"end":{"line":170,"column":0}},"170":{"start":{"line":171,"column":0},"end":{"line":171,"column":61}},"171":{"start":{"line":172,"column":0},"end":{"line":172,"column":23}},"172":{"start":{"line":173,"column":0},"end":{"line":173,"column":57}},"173":{"start":{"line":174,"column":0},"end":{"line":174,"column":47}},"174":{"start":{"line":175,"column":0},"end":{"line":175,"column":34}},"175":{"start":{"line":176,"column":0},"end":{"line":176,"column":26}},"176":{"start":{"line":177,"column":0},"end":{"line":177,"column":58}},"177":{"start":{"line":178,"column":0},"end":{"line":178,"column":122}},"178":{"start":{"line":179,"column":0},"end":{"line":179,"column":25}},"179":{"start":{"line":180,"column":0},"end":{"line":180,"column":1}},"180":{"start":{"line":181,"column":0},"end":{"line":181,"column":0}},"181":{"start":{"line":182,"column":0},"end":{"line":182,"column":48}},"182":{"start":{"line":183,"column":0},"end":{"line":183,"column":58}},"183":{"start":{"line":184,"column":0},"end":{"line":184,"column":1}},"184":{"start":{"line":185,"column":0},"end":{"line":185,"column":0}},"185":{"start":{"line":186,"column":0},"end":{"line":186,"column":45}},"186":{"start":{"line":187,"column":0},"end":{"line":187,"column":47}},"187":{"start":{"line":188,"column":0},"end":{"line":188,"column":1}},"188":{"start":{"line":189,"column":0},"end":{"line":189,"column":0}},"189":{"start":{"line":190,"column":0},"end":{"line":190,"column":44}},"190":{"start":{"line":191,"column":0},"end":{"line":191,"column":69}},"191":{"start":{"line":192,"column":0},"end":{"line":192,"column":57}},"192":{"start":{"line":193,"column":0},"end":{"line":193,"column":32}},"193":{"start":{"line":194,"column":0},"end":{"line":194,"column":59}},"194":{"start":{"line":195,"column":0},"end":{"line":195,"column":47}},"195":{"start":{"line":196,"column":0},"end":{"line":196,"column":37}},"196":{"start":{"line":197,"column":0},"end":{"line":197,"column":83}},"197":{"start":{"line":198,"column":0},"end":{"line":198,"column":1}},"198":{"start":{"line":199,"column":0},"end":{"line":199,"column":0}},"199":{"start":{"line":200,"column":0},"end":{"line":200,"column":43}},"200":{"start":{"line":201,"column":0},"end":{"line":201,"column":27}},"201":{"start":{"line":202,"column":0},"end":{"line":202,"column":24}},"202":{"start":{"line":203,"column":0},"end":{"line":203,"column":43}},"203":{"start":{"line":204,"column":0},"end":{"line":204,"column":43}},"204":{"start":{"line":205,"column":0},"end":{"line":205,"column":73}},"205":{"start":{"line":206,"column":0},"end":{"line":206,"column":61}},"206":{"start":{"line":207,"column":0},"end":{"line":207,"column":5}},"207":{"start":{"line":208,"column":0},"end":{"line":208,"column":85}},"208":{"start":{"line":209,"column":0},"end":{"line":209,"column":79}},"209":{"start":{"line":210,"column":0},"end":{"line":210,"column":33}},"210":{"start":{"line":211,"column":0},"end":{"line":211,"column":1}},"211":{"start":{"line":212,"column":0},"end":{"line":212,"column":0}},"212":{"start":{"line":213,"column":0},"end":{"line":213,"column":35}},"213":{"start":{"line":214,"column":0},"end":{"line":214,"column":98}},"214":{"start":{"line":215,"column":0},"end":{"line":215,"column":68}},"215":{"start":{"line":216,"column":0},"end":{"line":216,"column":71}},"216":{"start":{"line":217,"column":0},"end":{"line":217,"column":9}},"217":{"start":{"line":218,"column":0},"end":{"line":218,"column":14}},"218":{"start":{"line":219,"column":0},"end":{"line":219,"column":36}},"219":{"start":{"line":220,"column":0},"end":{"line":220,"column":28}},"220":{"start":{"line":221,"column":0},"end":{"line":221,"column":6}},"221":{"start":{"line":222,"column":0},"end":{"line":222,"column":0}},"222":{"start":{"line":223,"column":0},"end":{"line":223,"column":39}},"223":{"start":{"line":224,"column":0},"end":{"line":224,"column":71}},"224":{"start":{"line":225,"column":0},"end":{"line":225,"column":44}},"225":{"start":{"line":226,"column":0},"end":{"line":226,"column":31}},"226":{"start":{"line":227,"column":0},"end":{"line":227,"column":67}},"227":{"start":{"line":228,"column":0},"end":{"line":228,"column":65}},"228":{"start":{"line":229,"column":0},"end":{"line":229,"column":69}},"229":{"start":{"line":230,"column":0},"end":{"line":230,"column":67}},"230":{"start":{"line":231,"column":0},"end":{"line":231,"column":73}},"231":{"start":{"line":232,"column":0},"end":{"line":232,"column":71}},"232":{"start":{"line":233,"column":0},"end":{"line":233,"column":67}},"233":{"start":{"line":234,"column":0},"end":{"line":234,"column":48}},"234":{"start":{"line":235,"column":0},"end":{"line":235,"column":0}},"235":{"start":{"line":236,"column":0},"end":{"line":236,"column":10}},"236":{"start":{"line":237,"column":0},"end":{"line":237,"column":12}},"237":{"start":{"line":238,"column":0},"end":{"line":238,"column":7}},"238":{"start":{"line":239,"column":0},"end":{"line":239,"column":8}},"239":{"start":{"line":240,"column":0},"end":{"line":240,"column":12}},"240":{"start":{"line":241,"column":0},"end":{"line":241,"column":15}},"241":{"start":{"line":242,"column":0},"end":{"line":242,"column":11}},"242":{"start":{"line":243,"column":0},"end":{"line":243,"column":13}},"243":{"start":{"line":244,"column":0},"end":{"line":244,"column":12}},"244":{"start":{"line":245,"column":0},"end":{"line":245,"column":9}},"245":{"start":{"line":246,"column":0},"end":{"line":246,"column":8}},"246":{"start":{"line":247,"column":0},"end":{"line":247,"column":10}},"247":{"start":{"line":248,"column":0},"end":{"line":248,"column":9}},"248":{"start":{"line":249,"column":0},"end":{"line":249,"column":12}},"249":{"start":{"line":250,"column":0},"end":{"line":250,"column":11}},"250":{"start":{"line":251,"column":0},"end":{"line":251,"column":9}},"251":{"start":{"line":252,"column":0},"end":{"line":252,"column":12}},"252":{"start":{"line":253,"column":0},"end":{"line":253,"column":4}},"253":{"start":{"line":254,"column":0},"end":{"line":254,"column":1}},"254":{"start":{"line":255,"column":0},"end":{"line":255,"column":0}},"255":{"start":{"line":256,"column":0},"end":{"line":256,"column":40}},"256":{"start":{"line":257,"column":0},"end":{"line":257,"column":47}},"257":{"start":{"line":258,"column":0},"end":{"line":258,"column":46}},"258":{"start":{"line":259,"column":0},"end":{"line":259,"column":46}},"259":{"start":{"line":260,"column":0},"end":{"line":260,"column":48}},"260":{"start":{"line":261,"column":0},"end":{"line":261,"column":41}},"261":{"start":{"line":262,"column":0},"end":{"line":262,"column":52}},"262":{"start":{"line":263,"column":0},"end":{"line":263,"column":51}},"263":{"start":{"line":264,"column":0},"end":{"line":264,"column":0}},"264":{"start":{"line":265,"column":0},"end":{"line":265,"column":10}},"265":{"start":{"line":266,"column":0},"end":{"line":266,"column":5}},"266":{"start":{"line":267,"column":0},"end":{"line":267,"column":27}},"267":{"start":{"line":268,"column":0},"end":{"line":268,"column":257}},"268":{"start":{"line":269,"column":0},"end":{"line":269,"column":6}},"269":{"start":{"line":270,"column":0},"end":{"line":270,"column":5}},"270":{"start":{"line":271,"column":0},"end":{"line":271,"column":25}},"271":{"start":{"line":272,"column":0},"end":{"line":272,"column":322}},"272":{"start":{"line":273,"column":0},"end":{"line":273,"column":6}},"273":{"start":{"line":274,"column":0},"end":{"line":274,"column":5}},"274":{"start":{"line":275,"column":0},"end":{"line":275,"column":22}},"275":{"start":{"line":276,"column":0},"end":{"line":276,"column":290}},"276":{"start":{"line":277,"column":0},"end":{"line":277,"column":6}},"277":{"start":{"line":278,"column":0},"end":{"line":278,"column":5}},"278":{"start":{"line":279,"column":0},"end":{"line":279,"column":23}},"279":{"start":{"line":280,"column":0},"end":{"line":280,"column":282}},"280":{"start":{"line":281,"column":0},"end":{"line":281,"column":6}},"281":{"start":{"line":282,"column":0},"end":{"line":282,"column":5}},"282":{"start":{"line":283,"column":0},"end":{"line":283,"column":21}},"283":{"start":{"line":284,"column":0},"end":{"line":284,"column":264}},"284":{"start":{"line":285,"column":0},"end":{"line":285,"column":6}},"285":{"start":{"line":286,"column":0},"end":{"line":286,"column":5}},"286":{"start":{"line":287,"column":0},"end":{"line":287,"column":31}},"287":{"start":{"line":288,"column":0},"end":{"line":288,"column":288}},"288":{"start":{"line":289,"column":0},"end":{"line":289,"column":6}},"289":{"start":{"line":290,"column":0},"end":{"line":290,"column":5}},"290":{"start":{"line":291,"column":0},"end":{"line":291,"column":29}},"291":{"start":{"line":292,"column":0},"end":{"line":292,"column":266}},"292":{"start":{"line":293,"column":0},"end":{"line":293,"column":6}},"293":{"start":{"line":294,"column":0},"end":{"line":294,"column":5}},"294":{"start":{"line":295,"column":0},"end":{"line":295,"column":32}},"295":{"start":{"line":296,"column":0},"end":{"line":296,"column":333}},"296":{"start":{"line":297,"column":0},"end":{"line":297,"column":5}},"297":{"start":{"line":298,"column":0},"end":{"line":298,"column":4}},"298":{"start":{"line":299,"column":0},"end":{"line":299,"column":1}},"299":{"start":{"line":300,"column":0},"end":{"line":300,"column":0}},"300":{"start":{"line":301,"column":0},"end":{"line":301,"column":37}},"301":{"start":{"line":302,"column":0},"end":{"line":302,"column":10}},"302":{"start":{"line":303,"column":0},"end":{"line":303,"column":118}},"303":{"start":{"line":304,"column":0},"end":{"line":304,"column":136}},"304":{"start":{"line":305,"column":0},"end":{"line":305,"column":99}},"305":{"start":{"line":306,"column":0},"end":{"line":306,"column":129}},"306":{"start":{"line":307,"column":0},"end":{"line":307,"column":4}},"307":{"start":{"line":308,"column":0},"end":{"line":308,"column":1}},"308":{"start":{"line":309,"column":0},"end":{"line":309,"column":0}},"309":{"start":{"line":310,"column":0},"end":{"line":310,"column":54}},"310":{"start":{"line":311,"column":0},"end":{"line":311,"column":65}}},"s":{"0":1,"1":1,"2":1,"3":1,"4":1,"5":1,"6":1,"7":1,"8":1,"9":1,"10":1,"11":1,"12":1,"13":1,"14":1,"15":1,"16":1,"17":1,"18":1,"19":1,"20":1,"21":1,"22":1,"23":1,"24":1,"25":1,"26":1,"27":1,"28":1,"29":1,"30":1,"31":1,"32":1,"33":1,"34":1,"35":1,"36":1,"37":1,"38":1,"39":1,"40":1,"41":1,"42":1,"43":1,"44":1,"45":1,"46":1,"47":1,"48":1,"49":1,"50":1,"51":1,"52":1,"53":1,"54":1,"55":1,"56":1,"57":1,"58":1,"59":1,"60":1,"61":1,"62":1,"63":1,"64":1,"65":1,"66":1,"67":1,"68":1,"69":1,"70":1,"71":1,"72":1,"73":1,"74":1,"75":1,"76":1,"77":1,"78":1,"79":1,"80":1,"81":1,"82":1,"83":265,"84":265,"85":1,"86":1,"87":48,"88":48,"89":1,"90":1,"91":0,"92":0,"93":1,"94":1,"95":19,"96":19,"97":19,"98":5,"99":5,"100":19,"101":19,"102":1,"103":1,"104":6,"105":6,"106":48,"107":48,"108":6,"109":6,"110":6,"111":1,"112":1,"113":99,"114":99,"115":1,"116":1,"117":5,"118":5,"119":1,"120":1,"121":4,"122":4,"123":4,"124":1,"125":1,"126":12,"127":12,"128":12,"129":12,"130":12,"131":1,"132":1,"133":4,"134":4,"135":4,"136":4,"137":4,"138":4,"139":1,"140":1,"141":4,"142":4,"143":4,"144":4,"145":4,"146":4,"147":4,"148":4,"149":4,"150":4,"151":4,"152":4,"153":4,"154":4,"155":4,"156":4,"157":4,"158":4,"159":4,"160":4,"161":4,"162":4,"163":4,"164":4,"165":4,"166":4,"167":4,"168":4,"169":1,"170":1,"171":4,"172":4,"173":4,"174":4,"175":4,"176":4,"177":4,"178":4,"179":4,"180":1,"181":1,"182":53,"183":53,"184":1,"185":1,"186":7,"187":7,"188":1,"189":1,"190":4,"191":4,"192":4,"193":4,"194":4,"195":4,"196":4,"197":4,"198":1,"199":1,"200":4,"201":4,"202":4,"203":36,"204":36,"205":36,"206":4,"207":4,"208":4,"209":4,"210":4,"211":1,"212":1,"213":4,"214":4,"215":4,"216":48,"217":48,"218":48,"219":48,"220":4,"221":4,"222":4,"223":4,"224":4,"225":4,"226":4,"227":4,"228":4,"229":4,"230":4,"231":4,"232":4,"233":4,"234":4,"235":4,"236":4,"237":4,"238":4,"239":4,"240":4,"241":4,"242":4,"243":4,"244":4,"245":4,"246":4,"247":4,"248":4,"249":4,"250":4,"251":4,"252":4,"253":4,"254":1,"255":1,"256":1,"257":1,"258":1,"259":1,"260":1,"261":1,"262":1,"263":1,"264":1,"265":1,"266":1,"267":1,"268":1,"269":1,"270":1,"271":1,"272":1,"273":1,"274":1,"275":1,"276":1,"277":1,"278":1,"279":1,"280":1,"281":1,"282":1,"283":1,"284":1,"285":1,"286":1,"287":1,"288":1,"289":1,"290":1,"291":1,"292":1,"293":1,"294":1,"295":1,"296":1,"297":1,"298":1,"299":1,"300":1,"301":1,"302":1,"303":1,"304":1,"305":1,"306":1,"307":1,"308":1,"309":1,"310":1},"branchMap":{"0":{"type":"branch","line":83,"loc":{"start":{"line":83,"column":7},"end":{"line":85,"column":1}},"locations":[{"start":{"line":83,"column":7},"end":{"line":85,"column":1}}]},"1":{"type":"branch","line":87,"loc":{"start":{"line":87,"column":7},"end":{"line":89,"column":1}},"locations":[{"start":{"line":87,"column":7},"end":{"line":89,"column":1}}]},"2":{"type":"branch","line":95,"loc":{"start":{"line":95,"column":7},"end":{"line":102,"column":1}},"locations":[{"start":{"line":95,"column":7},"end":{"line":102,"column":1}}]},"3":{"type":"branch","line":98,"loc":{"start":{"line":98,"column":18},"end":{"line":100,"column":3}},"locations":[{"start":{"line":98,"column":18},"end":{"line":100,"column":3}}]},"4":{"type":"branch","line":101,"loc":{"start":{"line":101,"column":13},"end":{"line":101,"column":17}},"locations":[{"start":{"line":101,"column":13},"end":{"line":101,"column":17}}]},"5":{"type":"branch","line":97,"loc":{"start":{"line":97,"column":26},"end":{"line":97,"column":57}},"locations":[{"start":{"line":97,"column":26},"end":{"line":97,"column":57}}]},"6":{"type":"branch","line":99,"loc":{"start":{"line":99,"column":39},"end":{"line":99,"column":78}},"locations":[{"start":{"line":99,"column":39},"end":{"line":99,"column":78}}]},"7":{"type":"branch","line":104,"loc":{"start":{"line":104,"column":7},"end":{"line":111,"column":1}},"locations":[{"start":{"line":104,"column":7},"end":{"line":111,"column":1}}]},"8":{"type":"branch","line":106,"loc":{"start":{"line":106,"column":32},"end":{"line":109,"column":3}},"locations":[{"start":{"line":106,"column":32},"end":{"line":109,"column":3}}]},"9":{"type":"branch","line":113,"loc":{"start":{"line":113,"column":7},"end":{"line":115,"column":1}},"locations":[{"start":{"line":113,"column":7},"end":{"line":115,"column":1}}]},"10":{"type":"branch","line":117,"loc":{"start":{"line":117,"column":7},"end":{"line":119,"column":1}},"locations":[{"start":{"line":117,"column":7},"end":{"line":119,"column":1}}]},"11":{"type":"branch","line":121,"loc":{"start":{"line":121,"column":7},"end":{"line":124,"column":1}},"locations":[{"start":{"line":121,"column":7},"end":{"line":124,"column":1}}]},"12":{"type":"branch","line":126,"loc":{"start":{"line":126,"column":7},"end":{"line":131,"column":1}},"locations":[{"start":{"line":126,"column":7},"end":{"line":131,"column":1}}]},"13":{"type":"branch","line":133,"loc":{"start":{"line":133,"column":7},"end":{"line":139,"column":1}},"locations":[{"start":{"line":133,"column":7},"end":{"line":139,"column":1}}]},"14":{"type":"branch","line":141,"loc":{"start":{"line":141,"column":7},"end":{"line":169,"column":1}},"locations":[{"start":{"line":141,"column":7},"end":{"line":169,"column":1}}]},"15":{"type":"branch","line":171,"loc":{"start":{"line":171,"column":7},"end":{"line":180,"column":1}},"locations":[{"start":{"line":171,"column":7},"end":{"line":180,"column":1}}]},"16":{"type":"branch","line":182,"loc":{"start":{"line":182,"column":7},"end":{"line":184,"column":1}},"locations":[{"start":{"line":182,"column":7},"end":{"line":184,"column":1}}]},"17":{"type":"branch","line":186,"loc":{"start":{"line":186,"column":7},"end":{"line":188,"column":1}},"locations":[{"start":{"line":186,"column":7},"end":{"line":188,"column":1}}]},"18":{"type":"branch","line":190,"loc":{"start":{"line":190,"column":7},"end":{"line":198,"column":1}},"locations":[{"start":{"line":190,"column":7},"end":{"line":198,"column":1}}]},"19":{"type":"branch","line":200,"loc":{"start":{"line":200,"column":7},"end":{"line":211,"column":1}},"locations":[{"start":{"line":200,"column":7},"end":{"line":211,"column":1}}]},"20":{"type":"branch","line":203,"loc":{"start":{"line":203,"column":30},"end":{"line":207,"column":3}},"locations":[{"start":{"line":203,"column":30},"end":{"line":207,"column":3}}]},"21":{"type":"branch","line":205,"loc":{"start":{"line":205,"column":63},"end":{"line":205,"column":67}},"locations":[{"start":{"line":205,"column":63},"end":{"line":205,"column":67}}]},"22":{"type":"branch","line":206,"loc":{"start":{"line":206,"column":51},"end":{"line":206,"column":55}},"locations":[{"start":{"line":206,"column":51},"end":{"line":206,"column":55}}]},"23":{"type":"branch","line":208,"loc":{"start":{"line":208,"column":56},"end":{"line":208,"column":77}},"locations":[{"start":{"line":208,"column":56},"end":{"line":208,"column":77}}]},"24":{"type":"branch","line":209,"loc":{"start":{"line":209,"column":50},"end":{"line":209,"column":71}},"locations":[{"start":{"line":209,"column":50},"end":{"line":209,"column":71}}]},"25":{"type":"branch","line":213,"loc":{"start":{"line":213,"column":7},"end":{"line":254,"column":1}},"locations":[{"start":{"line":213,"column":7},"end":{"line":254,"column":1}}]},"26":{"type":"branch","line":216,"loc":{"start":{"line":216,"column":46},"end":{"line":221,"column":4}},"locations":[{"start":{"line":216,"column":46},"end":{"line":221,"column":4}}]},"27":{"type":"branch","line":227,"loc":{"start":{"line":227,"column":31},"end":{"line":227,"column":65}},"locations":[{"start":{"line":227,"column":31},"end":{"line":227,"column":65}}]},"28":{"type":"branch","line":228,"loc":{"start":{"line":228,"column":30},"end":{"line":228,"column":63}},"locations":[{"start":{"line":228,"column":30},"end":{"line":228,"column":63}}]},"29":{"type":"branch","line":229,"loc":{"start":{"line":229,"column":32},"end":{"line":229,"column":67}},"locations":[{"start":{"line":229,"column":32},"end":{"line":229,"column":67}}]},"30":{"type":"branch","line":230,"loc":{"start":{"line":230,"column":31},"end":{"line":230,"column":65}},"locations":[{"start":{"line":230,"column":31},"end":{"line":230,"column":65}}]},"31":{"type":"branch","line":231,"loc":{"start":{"line":231,"column":34},"end":{"line":231,"column":71}},"locations":[{"start":{"line":231,"column":34},"end":{"line":231,"column":71}}]},"32":{"type":"branch","line":232,"loc":{"start":{"line":232,"column":33},"end":{"line":232,"column":69}},"locations":[{"start":{"line":232,"column":33},"end":{"line":232,"column":69}}]},"33":{"type":"branch","line":233,"loc":{"start":{"line":233,"column":31},"end":{"line":233,"column":65}},"locations":[{"start":{"line":233,"column":31},"end":{"line":233,"column":65}}]},"34":{"type":"branch","line":256,"loc":{"start":{"line":256,"column":7},"end":{"line":299,"column":1}},"locations":[{"start":{"line":256,"column":7},"end":{"line":299,"column":1}}]},"35":{"type":"branch","line":296,"loc":{"start":{"line":296,"column":117},"end":{"line":296,"column":151}},"locations":[{"start":{"line":296,"column":117},"end":{"line":296,"column":151}}]},"36":{"type":"branch","line":296,"loc":{"start":{"line":296,"column":234},"end":{"line":296,"column":268}},"locations":[{"start":{"line":296,"column":234},"end":{"line":296,"column":268}}]},"37":{"type":"branch","line":301,"loc":{"start":{"line":301,"column":7},"end":{"line":308,"column":1}},"locations":[{"start":{"line":301,"column":7},"end":{"line":308,"column":1}}]}},"b":{"0":[265],"1":[48],"2":[19],"3":[5],"4":[0],"5":[59],"6":[10],"7":[6],"8":[48],"9":[99],"10":[5],"11":[4],"12":[12],"13":[4],"14":[4],"15":[4],"16":[53],"17":[7],"18":[4],"19":[4],"20":[36],"21":[16],"22":[11],"23":[15],"24":[11],"25":[4],"26":[48],"27":[8],"28":[4],"29":[16],"30":[20],"31":[24],"32":[28],"33":[32],"34":[1],"35":[9],"36":[9],"37":[1]},"fnMap":{"0":{"name":"norm","decl":{"start":{"line":83,"column":7},"end":{"line":85,"column":1}},"loc":{"start":{"line":83,"column":7},"end":{"line":85,"column":1}},"line":83},"1":{"name":"sinDeg","decl":{"start":{"line":87,"column":7},"end":{"line":89,"column":1}},"loc":{"start":{"line":87,"column":7},"end":{"line":89,"column":1}},"line":87},"2":{"name":"cosDeg","decl":{"start":{"line":91,"column":7},"end":{"line":93,"column":1}},"loc":{"start":{"line":91,"column":7},"end":{"line":93,"column":1}},"line":91},"3":{"name":"digitalRoot","decl":{"start":{"line":95,"column":7},"end":{"line":102,"column":1}},"loc":{"start":{"line":95,"column":7},"end":{"line":102,"column":1}},"line":95},"4":{"name":"nameNumber","decl":{"start":{"line":104,"column":7},"end":{"line":111,"column":1}},"loc":{"start":{"line":104,"column":7},"end":{"line":111,"column":1}},"line":104},"5":{"name":"signFor","decl":{"start":{"line":113,"column":7},"end":{"line":115,"column":1}},"loc":{"start":{"line":113,"column":7},"end":{"line":115,"column":1}},"line":113},"6":{"name":"degreeInSign","decl":{"start":{"line":117,"column":7},"end":{"line":119,"column":1}},"loc":{"start":{"line":117,"column":7},"end":{"line":119,"column":1}},"line":117},"7":{"name":"dateToJulian","decl":{"start":{"line":121,"column":7},"end":{"line":124,"column":1}},"loc":{"start":{"line":121,"column":7},"end":{"line":124,"column":1}},"line":121},"8":{"name":"sunLongitude","decl":{"start":{"line":126,"column":7},"end":{"line":131,"column":1}},"loc":{"start":{"line":126,"column":7},"end":{"line":131,"column":1}},"line":126},"9":{"name":"moonLongitude","decl":{"start":{"line":133,"column":7},"end":{"line":139,"column":1}},"loc":{"start":{"line":133,"column":7},"end":{"line":139,"column":1}},"line":133},"10":{"name":"planetLongitudes","decl":{"start":{"line":141,"column":7},"end":{"line":169,"column":1}},"loc":{"start":{"line":141,"column":7},"end":{"line":169,"column":1}},"line":141},"11":{"name":"ascendantLongitude","decl":{"start":{"line":171,"column":7},"end":{"line":180,"column":1}},"loc":{"start":{"line":171,"column":7},"end":{"line":180,"column":1}},"line":171},"12":{"name":"houseFor","decl":{"start":{"line":182,"column":7},"end":{"line":184,"column":1}},"loc":{"start":{"line":182,"column":7},"end":{"line":184,"column":1}},"line":182},"13":{"name":"houseSign","decl":{"start":{"line":186,"column":7},"end":{"line":188,"column":1}},"loc":{"start":{"line":186,"column":7},"end":{"line":188,"column":1}},"line":186},"14":{"name":"formatLongitude","decl":{"start":{"line":190,"column":7},"end":{"line":198,"column":1}},"loc":{"start":{"line":190,"column":7},"end":{"line":198,"column":1}},"line":190},"15":{"name":"describeDominant","decl":{"start":{"line":200,"column":7},"end":{"line":211,"column":1}},"loc":{"start":{"line":200,"column":7},"end":{"line":211,"column":1}},"line":200},"16":{"name":"buildReport","decl":{"start":{"line":213,"column":7},"end":{"line":254,"column":1}},"loc":{"start":{"line":213,"column":7},"end":{"line":254,"column":1}},"line":213},"17":{"name":"interpretation","decl":{"start":{"line":256,"column":7},"end":{"line":299,"column":1}},"loc":{"start":{"line":256,"column":7},"end":{"line":299,"column":1}},"line":256},"18":{"name":"metricCards","decl":{"start":{"line":301,"column":7},"end":{"line":308,"column":1}},"loc":{"start":{"line":301,"column":7},"end":{"line":308,"column":1}},"line":301}},"f":{"0":265,"1":48,"2":0,"3":19,"4":6,"5":99,"6":5,"7":4,"8":12,"9":4,"10":4,"11":4,"12":53,"13":7,"14":4,"15":4,"16":4,"17":1,"18":1}}
,"D:\\My_AI_App\\src\\astrology\\index.js": {"path":"D:\\My_AI_App\\src\\astrology\\index.js","all":false,"statementMap":{"0":{"start":{"line":1,"column":0},"end":{"line":1,"column":31}}},"s":{"0":1},"branchMap":{},"b":{},"fnMap":{},"f":{}}
,"D:\\My_AI_App\\src\\astrology\\planetInterpretations.js": {"path":"D:\\My_AI_App\\src\\astrology\\planetInterpretations.js","all":true,"statementMap":{"0":{"start":{"line":1,"column":0},"end":{"line":1,"column":32}},"1":{"start":{"line":2,"column":0},"end":{"line":2,"column":38}},"2":{"start":{"line":3,"column":0},"end":{"line":3,"column":69}},"3":{"start":{"line":4,"column":0},"end":{"line":4,"column":67}},"4":{"start":{"line":5,"column":0},"end":{"line":5,"column":77}},"5":{"start":{"line":6,"column":0},"end":{"line":6,"column":60}},"6":{"start":{"line":7,"column":0},"end":{"line":7,"column":40}},"7":{"start":{"line":8,"column":0},"end":{"line":8,"column":3}},"8":{"start":{"line":9,"column":0},"end":{"line":9,"column":0}},"9":{"start":{"line":10,"column":0},"end":{"line":10,"column":49}},"10":{"start":{"line":11,"column":0},"end":{"line":11,"column":38}},"11":{"start":{"line":12,"column":0},"end":{"line":12,"column":40}},"12":{"start":{"line":13,"column":0},"end":{"line":13,"column":31}},"13":{"start":{"line":14,"column":0},"end":{"line":14,"column":4}},"14":{"start":{"line":15,"column":0},"end":{"line":15,"column":25}},"15":{"start":{"line":16,"column":0},"end":{"line":16,"column":34}},"16":{"start":{"line":17,"column":0},"end":{"line":17,"column":29}},"17":{"start":{"line":18,"column":0},"end":{"line":18,"column":27}},"18":{"start":{"line":19,"column":0},"end":{"line":19,"column":29}},"19":{"start":{"line":20,"column":0},"end":{"line":20,"column":29}},"20":{"start":{"line":21,"column":0},"end":{"line":21,"column":0}},"21":{"start":{"line":22,"column":0},"end":{"line":22,"column":25}},"22":{"start":{"line":23,"column":0},"end":{"line":23,"column":17}},"23":{"start":{"line":24,"column":0},"end":{"line":24,"column":62}},"24":{"start":{"line":25,"column":0},"end":{"line":25,"column":106}},"25":{"start":{"line":26,"column":0},"end":{"line":26,"column":105}},"26":{"start":{"line":27,"column":0},"end":{"line":27,"column":76}},"27":{"start":{"line":28,"column":0},"end":{"line":28,"column":95}},"28":{"start":{"line":29,"column":0},"end":{"line":29,"column":102}},"29":{"start":{"line":30,"column":0},"end":{"line":30,"column":14}},"30":{"start":{"line":31,"column":0},"end":{"line":31,"column":18}},"31":{"start":{"line":32,"column":0},"end":{"line":32,"column":69}},"32":{"start":{"line":33,"column":0},"end":{"line":33,"column":92}},"33":{"start":{"line":34,"column":0},"end":{"line":34,"column":92}},"34":{"start":{"line":35,"column":0},"end":{"line":35,"column":81}},"35":{"start":{"line":36,"column":0},"end":{"line":36,"column":92}},"36":{"start":{"line":37,"column":0},"end":{"line":37,"column":90}},"37":{"start":{"line":38,"column":0},"end":{"line":38,"column":14}},"38":{"start":{"line":39,"column":0},"end":{"line":39,"column":21}},"39":{"start":{"line":40,"column":0},"end":{"line":40,"column":66}},"40":{"start":{"line":41,"column":0},"end":{"line":41,"column":80}},"41":{"start":{"line":42,"column":0},"end":{"line":42,"column":91}},"42":{"start":{"line":43,"column":0},"end":{"line":43,"column":79}},"43":{"start":{"line":44,"column":0},"end":{"line":44,"column":86}},"44":{"start":{"line":45,"column":0},"end":{"line":45,"column":92}},"45":{"start":{"line":46,"column":0},"end":{"line":46,"column":14}},"46":{"start":{"line":47,"column":0},"end":{"line":47,"column":19}},"47":{"start":{"line":48,"column":0},"end":{"line":48,"column":62}},"48":{"start":{"line":49,"column":0},"end":{"line":49,"column":82}},"49":{"start":{"line":50,"column":0},"end":{"line":50,"column":94}},"50":{"start":{"line":51,"column":0},"end":{"line":51,"column":113}},"51":{"start":{"line":52,"column":0},"end":{"line":52,"column":91}},"52":{"start":{"line":53,"column":0},"end":{"line":53,"column":82}},"53":{"start":{"line":54,"column":0},"end":{"line":54,"column":14}},"54":{"start":{"line":55,"column":0},"end":{"line":55,"column":18}},"55":{"start":{"line":56,"column":0},"end":{"line":56,"column":62}},"56":{"start":{"line":57,"column":0},"end":{"line":57,"column":86}},"57":{"start":{"line":58,"column":0},"end":{"line":58,"column":75}},"58":{"start":{"line":59,"column":0},"end":{"line":59,"column":84}},"59":{"start":{"line":60,"column":0},"end":{"line":60,"column":83}},"60":{"start":{"line":61,"column":0},"end":{"line":61,"column":85}},"61":{"start":{"line":62,"column":0},"end":{"line":62,"column":14}},"62":{"start":{"line":63,"column":0},"end":{"line":63,"column":21}},"63":{"start":{"line":64,"column":0},"end":{"line":64,"column":65}},"64":{"start":{"line":65,"column":0},"end":{"line":65,"column":90}},"65":{"start":{"line":66,"column":0},"end":{"line":66,"column":91}},"66":{"start":{"line":67,"column":0},"end":{"line":67,"column":75}},"67":{"start":{"line":68,"column":0},"end":{"line":68,"column":82}},"68":{"start":{"line":69,"column":0},"end":{"line":69,"column":89}},"69":{"start":{"line":70,"column":0},"end":{"line":70,"column":14}},"70":{"start":{"line":71,"column":0},"end":{"line":71,"column":20}},"71":{"start":{"line":72,"column":0},"end":{"line":72,"column":74}},"72":{"start":{"line":73,"column":0},"end":{"line":73,"column":108}},"73":{"start":{"line":74,"column":0},"end":{"line":74,"column":85}},"74":{"start":{"line":75,"column":0},"end":{"line":75,"column":83}},"75":{"start":{"line":76,"column":0},"end":{"line":76,"column":92}},"76":{"start":{"line":77,"column":0},"end":{"line":77,"column":87}},"77":{"start":{"line":78,"column":0},"end":{"line":78,"column":14}},"78":{"start":{"line":79,"column":0},"end":{"line":79,"column":20}},"79":{"start":{"line":80,"column":0},"end":{"line":80,"column":67}},"80":{"start":{"line":81,"column":0},"end":{"line":81,"column":99}},"81":{"start":{"line":82,"column":0},"end":{"line":82,"column":75}},"82":{"start":{"line":83,"column":0},"end":{"line":83,"column":84}},"83":{"start":{"line":84,"column":0},"end":{"line":84,"column":81}},"84":{"start":{"line":85,"column":0},"end":{"line":85,"column":72}},"85":{"start":{"line":86,"column":0},"end":{"line":86,"column":14}},"86":{"start":{"line":87,"column":0},"end":{"line":87,"column":21}},"87":{"start":{"line":88,"column":0},"end":{"line":88,"column":65}},"88":{"start":{"line":89,"column":0},"end":{"line":89,"column":98}},"89":{"start":{"line":90,"column":0},"end":{"line":90,"column":89}},"90":{"start":{"line":91,"column":0},"end":{"line":91,"column":95}},"91":{"start":{"line":92,"column":0},"end":{"line":92,"column":93}},"92":{"start":{"line":93,"column":0},"end":{"line":93,"column":94}},"93":{"start":{"line":94,"column":0},"end":{"line":94,"column":14}},"94":{"start":{"line":95,"column":0},"end":{"line":95,"column":19}},"95":{"start":{"line":96,"column":0},"end":{"line":96,"column":69}},"96":{"start":{"line":97,"column":0},"end":{"line":97,"column":94}},"97":{"start":{"line":98,"column":0},"end":{"line":98,"column":97}},"98":{"start":{"line":99,"column":0},"end":{"line":99,"column":90}},"99":{"start":{"line":100,"column":0},"end":{"line":100,"column":108}},"100":{"start":{"line":101,"column":0},"end":{"line":101,"column":93}},"101":{"start":{"line":102,"column":0},"end":{"line":102,"column":14}},"102":{"start":{"line":103,"column":0},"end":{"line":103,"column":18}},"103":{"start":{"line":104,"column":0},"end":{"line":104,"column":69}},"104":{"start":{"line":105,"column":0},"end":{"line":105,"column":102}},"105":{"start":{"line":106,"column":0},"end":{"line":106,"column":93}},"106":{"start":{"line":107,"column":0},"end":{"line":107,"column":88}},"107":{"start":{"line":108,"column":0},"end":{"line":108,"column":84}},"108":{"start":{"line":109,"column":0},"end":{"line":109,"column":106}},"109":{"start":{"line":110,"column":0},"end":{"line":110,"column":14}},"110":{"start":{"line":111,"column":0},"end":{"line":111,"column":18}},"111":{"start":{"line":112,"column":0},"end":{"line":112,"column":80}},"112":{"start":{"line":113,"column":0},"end":{"line":113,"column":100}},"113":{"start":{"line":114,"column":0},"end":{"line":114,"column":93}},"114":{"start":{"line":115,"column":0},"end":{"line":115,"column":79}},"115":{"start":{"line":116,"column":0},"end":{"line":116,"column":95}},"116":{"start":{"line":117,"column":0},"end":{"line":117,"column":83}},"117":{"start":{"line":118,"column":0},"end":{"line":118,"column":14}},"118":{"start":{"line":119,"column":0},"end":{"line":119,"column":14}},"119":{"start":{"line":120,"column":0},"end":{"line":120,"column":57}},"120":{"start":{"line":121,"column":0},"end":{"line":121,"column":64}},"121":{"start":{"line":122,"column":0},"end":{"line":122,"column":5}},"122":{"start":{"line":123,"column":0},"end":{"line":123,"column":0}},"123":{"start":{"line":124,"column":0},"end":{"line":124,"column":12}},"124":{"start":{"line":125,"column":0},"end":{"line":125,"column":18}},"125":{"start":{"line":126,"column":0},"end":{"line":126,"column":27}},"126":{"start":{"line":127,"column":0},"end":{"line":127,"column":22}},"127":{"start":{"line":128,"column":0},"end":{"line":128,"column":20}},"128":{"start":{"line":129,"column":0},"end":{"line":129,"column":22}},"129":{"start":{"line":130,"column":0},"end":{"line":130,"column":22}},"130":{"start":{"line":131,"column":0},"end":{"line":131,"column":41}},"131":{"start":{"line":132,"column":0},"end":{"line":132,"column":6}},"132":{"start":{"line":133,"column":0},"end":{"line":133,"column":3}}},"s":{"0":0,"1":0,"2":0,"3":0,"4":0,"5":0,"6":0,"7":0,"8":0,"9":0,"10":0,"11":0,"12":0,"13":0,"14":0,"15":0,"16":0,"17":0,"18":0,"19":0,"20":0,"21":0,"22":0,"23":0,"24":0,"25":0,"26":0,"27":0,"28":0,"29":0,"30":0,"31":0,"32":0,"33":0,"34":0,"35":0,"36":0,"37":0,"38":0,"39":0,"40":0,"41":0,"42":0,"43":0,"44":0,"45":0,"46":0,"47":0,"48":0,"49":0,"50":0,"51":0,"52":0,"53":0,"54":0,"55":0,"56":0,"57":0,"58":0,"59":0,"60":0,"61":0,"62":0,"63":0,"64":0,"65":0,"66":0,"67":0,"68":0,"69":0,"70":0,"71":0,"72":0,"73":0,"74":0,"75":0,"76":0,"77":0,"78":0,"79":0,"80":0,"81":0,"82":0,"83":0,"84":0,"85":0,"86":0,"87":0,"88":0,"89":0,"90":0,"91":0,"92":0,"93":0,"94":0,"95":0,"96":0,"97":0,"98":0,"99":0,"100":0,"101":0,"102":0,"103":0,"104":0,"105":0,"106":0,"107":0,"108":0,"109":0,"110":0,"111":0,"112":0,"113":0,"114":0,"115":0,"116":0,"117":0,"118":0,"119":0,"120":0,"121":0,"122":0,"123":0,"124":0,"125":0,"126":0,"127":0,"128":0,"129":0,"130":0,"131":0,"132":0},"branchMap":{"0":{"type":"branch","line":1,"loc":{"start":{"line":1,"column":7952},"end":{"line":133,"column":3}},"locations":[{"start":{"line":1,"column":7952},"end":{"line":133,"column":3}}]}},"b":{"0":[0]},"fnMap":{"0":{"name":"(empty-report)","decl":{"start":{"line":1,"column":7952},"end":{"line":133,"column":3}},"loc":{"start":{"line":1,"column":7952},"end":{"line":133,"column":3}},"line":1}},"f":{"0":0}}
}
