{"D:\\My_AI_App\\src\\astrology\\astrology.js": {"path":"D:\\My_AI_App\\src\\astrology\\astrology.js","statementMap":{"0":{"start":{"line":1,"column":19},"end":{"line":1,"column":30}},"1":{"start":{"line":2,"column":19},"end":{"line":2,"column":32}},"2":{"start":{"line":3,"column":21},"end":{"line":3,"column":28}},"3":{"start":{"line":5,"column":21},"end":{"line":18,"column":1}},"4":{"start":{"line":20,"column":22},"end":{"line":33,"column":1}},"5":{"start":{"line":35,"column":26},"end":{"line":48,"column":1}},"6":{"start":{"line":50,"column":30},"end":{"line":60,"column":1}},"7":{"start":{"line":62,"column":27},"end":{"line":81,"column":1}},"8":{"start":{"line":84,"column":2},"end":{"line":84,"column":null}},"9":{"start":{"line":88,"column":2},"end":{"line":88,"column":null}},"10":{"start":{"line":92,"column":2},"end":{"line":92,"column":null}},"11":{"start":{"line":96,"column":17},"end":{"line":96,"column":71}},"12":{"start":{"line":97,"column":12},"end":{"line":97,"column":61}},"13":{"start":{"line":97,"column":44},"end":{"line":97,"column":57}},"14":{"start":{"line":98,"column":2},"end":{"line":100,"column":null}},"15":{"start":{"line":99,"column":4},"end":{"line":99,"column":null}},"16":{"start":{"line":99,"column":57},"end":{"line":99,"column":78}},"17":{"start":{"line":101,"column":2},"end":{"line":101,"column":null}},"18":{"start":{"line":105,"column":16},"end":{"line":105,"column":57}},"19":{"start":{"line":106,"column":14},"end":{"line":109,"column":7}},"20":{"start":{"line":107,"column":21},"end":{"line":107,"column":44}},"21":{"start":{"line":108,"column":4},"end":{"line":108,"column":null}},"22":{"start":{"line":110,"column":2},"end":{"line":110,"column":null}},"23":{"start":{"line":114,"column":2},"end":{"line":114,"column":null}},"24":{"start":{"line":118,"column":2},"end":{"line":118,"column":null}},"25":{"start":{"line":122,"column":16},"end":{"line":122,"column":88}},"26":{"start":{"line":123,"column":2},"end":{"line":123,"column":null}},"27":{"start":{"line":127,"column":12},"end":{"line":127,"column":22}},"28":{"start":{"line":128,"column":19},"end":{"line":128,"column":48}},"29":{"start":{"line":129,"column":18},"end":{"line":129,"column":47}},"30":{"start":{"line":130,"column":2},"end":{"line":130,"column":null}},"31":{"start":{"line":134,"column":12},"end":{"line":134,"column":22}},"32":{"start":{"line":135,"column":12},"end":{"line":135,"column":41}},"33":{"start":{"line":136,"column":12},"end":{"line":136,"column":41}},"34":{"start":{"line":137,"column":12},"end":{"line":137,"column":40}},"35":{"start":{"line":138,"column":2},"end":{"line":138,"column":null}},"36":{"start":{"line":142,"column":12},"end":{"line":142,"column":22}},"37":{"start":{"line":143,"column":14},"end":{"line":143,"column":30}},"38":{"start":{"line":144,"column":15},"end":{"line":144,"column":32}},"39":{"start":{"line":145,"column":18},"end":{"line":145,"column":100}},"40":{"start":{"line":146,"column":16},"end":{"line":146,"column":99}},"41":{"start":{"line":147,"column":15},"end":{"line":147,"column":84}},"42":{"start":{"line":148,"column":18},"end":{"line":148,"column":86}},"43":{"start":{"line":149,"column":17},"end":{"line":149,"column":85}},"44":{"start":{"line":150,"column":15},"end":{"line":150,"column":43}},"45":{"start":{"line":151,"column":17},"end":{"line":151,"column":80}},"46":{"start":{"line":152,"column":18},"end":{"line":152,"column":81}},"47":{"start":{"line":153,"column":16},"end":{"line":153,"column":78}},"48":{"start":{"line":155,"column":2},"end":{"line":168,"column":null}},"49":{"start":{"line":172,"column":12},"end":{"line":172,"column":22}},"50":{"start":{"line":173,"column":20},"end":{"line":173,"column":56}},"51":{"start":{"line":174,"column":14},"end":{"line":174,"column":46}},"52":{"start":{"line":175,"column":18},"end":{"line":175,"column":33}},"53":{"start":{"line":176,"column":16},"end":{"line":176,"column":25}},"54":{"start":{"line":177,"column":14},"end":{"line":177,"column":57}},"55":{"start":{"line":178,"column":14},"end":{"line":178,"column":121}},"56":{"start":{"line":179,"column":2},"end":{"line":179,"column":null}},"57":{"start":{"line":183,"column":2},"end":{"line":183,"column":null}},"58":{"start":{"line":187,"column":2},"end":{"line":187,"column":null}},"59":{"start":{"line":191,"column":23},"end":{"line":191,"column":68}},"60":{"start":{"line":192,"column":20},"end":{"line":192,"column":56}},"61":{"start":{"line":193,"column":15},"end":{"line":193,"column":31}},"62":{"start":{"line":194,"column":24},"end":{"line":194,"column":58}},"63":{"start":{"line":195,"column":16},"end":{"line":195,"column":46}},"64":{"start":{"line":196,"column":18},"end":{"line":196,"column":36}},"65":{"start":{"line":197,"column":2},"end":{"line":197,"column":null}},"66":{"start":{"line":201,"column":24},"end":{"line":201,"column":26}},"67":{"start":{"line":202,"column":21},"end":{"line":202,"column":23}},"68":{"start":{"line":203,"column":2},"end":{"line":207,"column":null}},"69":{"start":{"line":204,"column":17},"end":{"line":204,"column":42}},"70":{"start":{"line":205,"column":4},"end":{"line":205,"column":null}},"71":{"start":{"line":206,"column":4},"end":{"line":206,"column":null}},"72":{"start":{"line":208,"column":21},"end":{"line":208,"column":84}},"73":{"start":{"line":208,"column":66},"end":{"line":208,"column":77}},"74":{"start":{"line":209,"column":18},"end":{"line":209,"column":78}},"75":{"start":{"line":209,"column":60},"end":{"line":209,"column":71}},"76":{"start":{"line":210,"column":2},"end":{"line":210,"column":null}},"77":{"start":{"line":214,"column":13},"end":{"line":214,"column":97}},"78":{"start":{"line":215,"column":14},"end":{"line":215,"column":67}},"79":{"start":{"line":216,"column":21},"end":{"line":221,"column":5}},"80":{"start":{"line":216,"column":70},"end":{"line":221,"column":3}},"81":{"start":{"line":223,"column":17},"end":{"line":223,"column":38}},"82":{"start":{"line":224,"column":19},"end":{"line":224,"column":70}},"83":{"start":{"line":225,"column":18},"end":{"line":225,"column":43}},"84":{"start":{"line":226,"column":18},"end":{"line":226,"column":30}},"85":{"start":{"line":227,"column":15},"end":{"line":227,"column":66}},"86":{"start":{"line":227,"column":43},"end":{"line":227,"column":65}},"87":{"start":{"line":228,"column":14},"end":{"line":228,"column":64}},"88":{"start":{"line":228,"column":42},"end":{"line":228,"column":63}},"89":{"start":{"line":229,"column":16},"end":{"line":229,"column":68}},"90":{"start":{"line":229,"column":44},"end":{"line":229,"column":67}},"91":{"start":{"line":230,"column":15},"end":{"line":230,"column":66}},"92":{"start":{"line":230,"column":43},"end":{"line":230,"column":65}},"93":{"start":{"line":231,"column":18},"end":{"line":231,"column":72}},"94":{"start":{"line":231,"column":46},"end":{"line":231,"column":71}},"95":{"start":{"line":232,"column":17},"end":{"line":232,"column":70}},"96":{"start":{"line":232,"column":45},"end":{"line":232,"column":69}},"97":{"start":{"line":233,"column":15},"end":{"line":233,"column":66}},"98":{"start":{"line":233,"column":43},"end":{"line":233,"column":65}},"99":{"start":{"line":234,"column":19},"end":{"line":234,"column":47}},"100":{"start":{"line":236,"column":2},"end":{"line":253,"column":null}},"101":{"start":{"line":257,"column":22},"end":{"line":257,"column":46}},"102":{"start":{"line":258,"column":20},"end":{"line":258,"column":45}},"103":{"start":{"line":259,"column":21},"end":{"line":259,"column":45}},"104":{"start":{"line":260,"column":22},"end":{"line":260,"column":47}},"105":{"start":{"line":261,"column":19},"end":{"line":261,"column":40}},"106":{"start":{"line":262,"column":21},"end":{"line":262,"column":51}},"107":{"start":{"line":263,"column":22},"end":{"line":263,"column":50}},"108":{"start":{"line":265,"column":2},"end":{"line":298,"column":null}},"109":{"start":{"line":296,"column":129},"end":{"line":296,"column":151}},"110":{"start":{"line":296,"column":246},"end":{"line":296,"column":268}},"111":{"start":{"line":302,"column":2},"end":{"line":307,"column":null}}},"fnMap":{"0":{"name":"norm","decl":{"start":{"line":83,"column":16},"end":{"line":83,"column":20}},"loc":{"start":{"line":83,"column":28},"end":{"line":85,"column":null}},"line":83},"1":{"name":"sinDeg","decl":{"start":{"line":87,"column":16},"end":{"line":87,"column":22}},"loc":{"start":{"line":87,"column":30},"end":{"line":89,"column":null}},"line":87},"2":{"name":"cosDeg","decl":{"start":{"line":91,"column":16},"end":{"line":91,"column":22}},"loc":{"start":{"line":91,"column":30},"end":{"line":93,"column":null}},"line":91},"3":{"name":"digitalRoot","decl":{"start":{"line":95,"column":16},"end":{"line":95,"column":27}},"loc":{"start":{"line":95,"column":35},"end":{"line":102,"column":null}},"line":95},"4":{"name":"(anonymous_4)","decl":{"start":{"line":97,"column":26},"end":{"line":97,"column":27}},"loc":{"start":{"line":97,"column":44},"end":{"line":97,"column":57}},"line":97},"5":{"name":"(anonymous_5)","decl":{"start":{"line":99,"column":39},"end":{"line":99,"column":40}},"loc":{"start":{"line":99,"column":57},"end":{"line":99,"column":78}},"line":99},"6":{"name":"nameNumber","decl":{"start":{"line":104,"column":16},"end":{"line":104,"column":26}},"loc":{"start":{"line":104,"column":33},"end":{"line":111,"column":null}},"line":104},"7":{"name":"(anonymous_7)","decl":{"start":{"line":106,"column":32},"end":{"line":106,"column":33}},"loc":{"start":{"line":106,"column":49},"end":{"line":109,"column":3}},"line":106},"8":{"name":"signFor","decl":{"start":{"line":113,"column":16},"end":{"line":113,"column":23}},"loc":{"start":{"line":113,"column":35},"end":{"line":115,"column":null}},"line":113},"9":{"name":"degreeInSign","decl":{"start":{"line":117,"column":16},"end":{"line":117,"column":28}},"loc":{"start":{"line":117,"column":40},"end":{"line":119,"column":null}},"line":117},"10":{"name":"dateToJulian","decl":{"start":{"line":121,"column":16},"end":{"line":121,"column":28}},"loc":{"start":{"line":121,"column":71},"end":{"line":124,"column":null}},"line":121},"11":{"name":"sunLongitude","decl":{"start":{"line":126,"column":16},"end":{"line":126,"column":28}},"loc":{"start":{"line":126,"column":33},"end":{"line":131,"column":null}},"line":126},"12":{"name":"moonLongitude","decl":{"start":{"line":133,"column":16},"end":{"line":133,"column":29}},"loc":{"start":{"line":133,"column":34},"end":{"line":139,"column":null}},"line":133},"13":{"name":"planetLongitudes","decl":{"start":{"line":141,"column":16},"end":{"line":141,"column":32}},"loc":{"start":{"line":141,"column":37},"end":{"line":169,"column":null}},"line":141},"14":{"name":"ascendantLongitude","decl":{"start":{"line":171,"column":16},"end":{"line":171,"column":34}},"loc":{"start":{"line":171,"column":60},"end":{"line":180,"column":null}},"line":171},"15":{"name":"houseFor","decl":{"start":{"line":182,"column":16},"end":{"line":182,"column":24}},"loc":{"start":{"line":182,"column":47},"end":{"line":184,"column":null}},"line":182},"16":{"name":"houseSign","decl":{"start":{"line":186,"column":16},"end":{"line":186,"column":25}},"loc":{"start":{"line":186,"column":44},"end":{"line":188,"column":null}},"line":186},"17":{"name":"formatLongitude","decl":{"start":{"line":190,"column":16},"end":{"line":190,"column":31}},"loc":{"start":{"line":190,"column":43},"end":{"line":198,"column":null}},"line":190},"18":{"name":"describeDominant","decl":{"start":{"line":200,"column":16},"end":{"line":200,"column":32}},"loc":{"start":{"line":200,"column":42},"end":{"line":211,"column":null}},"line":200},"19":{"name":"(anonymous_19)","decl":{"start":{"line":203,"column":30},"end":{"line":203,"column":31}},"loc":{"start":{"line":203,"column":42},"end":{"line":207,"column":3}},"line":203},"20":{"name":"(anonymous_20)","decl":{"start":{"line":208,"column":56},"end":{"line":208,"column":57}},"loc":{"start":{"line":208,"column":66},"end":{"line":208,"column":77}},"line":208},"21":{"name":"(anonymous_21)","decl":{"start":{"line":209,"column":50},"end":{"line":209,"column":51}},"loc":{"start":{"line":209,"column":60},"end":{"line":209,"column":71}},"line":209},"22":{"name":"buildReport","decl":{"start":{"line":213,"column":16},"end":{"line":213,"column":27}},"loc":{"start":{"line":213,"column":34},"end":{"line":254,"column":null}},"line":213},"23":{"name":"(anonymous_23)","decl":{"start":{"line":216,"column":46},"end":{"line":216,"column":47}},"loc":{"start":{"line":216,"column":70},"end":{"line":221,"column":3}},"line":216},"24":{"name":"(anonymous_24)","decl":{"start":{"line":227,"column":31},"end":{"line":227,"column":32}},"loc":{"start":{"line":227,"column":43},"end":{"line":227,"column":65}},"line":227},"25":{"name":"(anonymous_25)","decl":{"start":{"line":228,"column":30},"end":{"line":228,"column":31}},"loc":{"start":{"line":228,"column":42},"end":{"line":228,"column":63}},"line":228},"26":{"name":"(anonymous_26)","decl":{"start":{"line":229,"column":32},"end":{"line":229,"column":33}},"loc":{"start":{"line":229,"column":44},"end":{"line":229,"column":67}},"line":229},"27":{"name":"(anonymous_27)","decl":{"start":{"line":230,"column":31},"end":{"line":230,"column":32}},"loc":{"start":{"line":230,"column":43},"end":{"line":230,"column":65}},"line":230},"28":{"name":"(anonymous_28)","decl":{"start":{"line":231,"column":34},"end":{"line":231,"column":35}},"loc":{"start":{"line":231,"column":46},"end":{"line":231,"column":71}},"line":231},"29":{"name":"(anonymous_29)","decl":{"start":{"line":232,"column":33},"end":{"line":232,"column":34}},"loc":{"start":{"line":232,"column":45},"end":{"line":232,"column":69}},"line":232},"30":{"name":"(anonymous_30)","decl":{"start":{"line":233,"column":31},"end":{"line":233,"column":32}},"loc":{"start":{"line":233,"column":43},"end":{"line":233,"column":65}},"line":233},"31":{"name":"interpretation","decl":{"start":{"line":256,"column":16},"end":{"line":256,"column":30}},"loc":{"start":{"line":256,"column":39},"end":{"line":299,"column":null}},"line":256},"32":{"name":"(anonymous_32)","decl":{"start":{"line":296,"column":117},"end":{"line":296,"column":118}},"loc":{"start":{"line":296,"column":129},"end":{"line":296,"column":151}},"line":296},"33":{"name":"(anonymous_33)","decl":{"start":{"line":296,"column":234},"end":{"line":296,"column":235}},"loc":{"start":{"line":296,"column":246},"end":{"line":296,"column":268}},"line":296},"34":{"name":"metricCards","decl":{"start":{"line":301,"column":16},"end":{"line":301,"column":27}},"loc":{"start":{"line":301,"column":36},"end":{"line":308,"column":null}},"line":301}},"branchMap":{"0":{"loc":{"start":{"line":101,"column":9},"end":{"line":101,"column":17}},"type":"binary-expr","locations":[{"start":{"line":101,"column":9},"end":{"line":101,"column":12}},{"start":{"line":101,"column":16},"end":{"line":101,"column":17}}],"line":101},"1":{"loc":{"start":{"line":205,"column":35},"end":{"line":205,"column":67}},"type":"binary-expr","locations":[{"start":{"line":205,"column":35},"end":{"line":205,"column":62}},{"start":{"line":205,"column":66},"end":{"line":205,"column":67}}],"line":205},"2":{"loc":{"start":{"line":206,"column":29},"end":{"line":206,"column":55}},"type":"binary-expr","locations":[{"start":{"line":206,"column":29},"end":{"line":206,"column":50}},{"start":{"line":206,"column":54},"end":{"line":206,"column":55}}],"line":206}},"s":{"0":1,"1":1,"2":1,"3":1,"4":1,"5":1,"6":1,"7":1,"8":265,"9":48,"10":0,"11":19,"12":19,"13":59,"14":19,"15":5,"16":10,"17":19,"18":6,"19":6,"20":48,"21":48,"22":6,"23":99,"24":5,"25":4,"26":4,"27":12,"28":12,"29":12,"30":12,"31":4,"32":4,"33":4,"34":4,"35":4,"36":4,"37":4,"38":4,"39":4,"40":4,"41":4,"42":4,"43":4,"44":4,"45":4,"46":4,"47":4,"48":4,"49":4,"50":4,"51":4,"52":4,"53":4,"54":4,"55":4,"56":4,"57":53,"58":7,"59":4,"60":4,"61":4,"62":4,"63":4,"64":4,"65":4,"66":4,"67":4,"68":4,"69":36,"70":36,"71":36,"72":4,"73":15,"74":4,"75":11,"76":4,"77":4,"78":4,"79":4,"80":48,"81":4,"82":4,"83":4,"84":4,"85":4,"86":8,"87":4,"88":4,"89":4,"90":16,"91":4,"92":20,"93":4,"94":24,"95":4,"96":28,"97":4,"98":32,"99":4,"100":4,"101":1,"102":1,"103":1,"104":1,"105":1,"106":1,"107":1,"108":1,"109":9,"110":9,"111":1},"f":{"0":265,"1":48,"2":0,"3":19,"4":59,"5":10,"6":6,"7":48,"8":99,"9":5,"10":4,"11":12,"12":4,"13":4,"14":4,"15":53,"16":7,"17":4,"18":4,"19":36,"20":15,"21":11,"22":4,"23":48,"24":8,"25":4,"26":16,"27":20,"28":24,"29":28,"30":32,"31":1,"32":9,"33":9,"34":1},"b":{"0":[19,0],"1":[36,16],"2":[36,11]},"meta":{"lastBranch":3,"lastFunction":35,"lastStatement":112,"seen":{"s:1:19:1:30":0,"s:2:19:2:32":1,"s:3:21:3:28":2,"s:5:21:18:1":3,"s:20:22:33:1":4,"s:35:26:48:1":5,"s:50:30:60:1":6,"s:62:27:81:1":7,"f:83:16:83:20":0,"s:84:2:84:Infinity":8,"f:87:16:87:22":1,"s:88:2:88:Infinity":9,"f:91:16:91:22":2,"s:92:2:92:Infinity":10,"f:95:16:95:27":3,"s:96:17:96:71":11,"s:97:12:97:61":12,"f:97:26:97:27":4,"s:97:44:97:57":13,"s:98:2:100:Infinity":14,"s:99:4:99:Infinity":15,"f:99:39:99:40":5,"s:99:57:99:78":16,"s:101:2:101:Infinity":17,"b:101:9:101:12:101:16:101:17":0,"f:104:16:104:26":6,"s:105:16:105:57":18,"s:106:14:109:7":19,"f:106:32:106:33":7,"s:107:21:107:44":20,"s:108:4:108:Infinity":21,"s:110:2:110:Infinity":22,"f:113:16:113:23":8,"s:114:2:114:Infinity":23,"f:117:16:117:28":9,"s:118:2:118:Infinity":24,"f:121:16:121:28":10,"s:122:16:122:88":25,"s:123:2:123:Infinity":26,"f:126:16:126:28":11,"s:127:12:127:22":27,"s:128:19:128:48":28,"s:129:18:129:47":29,"s:130:2:130:Infinity":30,"f:133:16:133:29":12,"s:134:12:134:22":31,"s:135:12:135:41":32,"s:136:12:136:41":33,"s:137:12:137:40":34,"s:138:2:138:Infinity":35,"f:141:16:141:32":13,"s:142:12:142:22":36,"s:143:14:143:30":37,"s:144:15:144:32":38,"s:145:18:145:100":39,"s:146:16:146:99":40,"s:147:15:147:84":41,"s:148:18:148:86":42,"s:149:17:149:85":43,"s:150:15:150:43":44,"s:151:17:151:80":45,"s:152:18:152:81":46,"s:153:16:153:78":47,"s:155:2:168:Infinity":48,"f:171:16:171:34":14,"s:172:12:172:22":49,"s:173:20:173:56":50,"s:174:14:174:46":51,"s:175:18:175:33":52,"s:176:16:176:25":53,"s:177:14:177:57":54,"s:178:14:178:121":55,"s:179:2:179:Infinity":56,"f:182:16:182:24":15,"s:183:2:183:Infinity":57,"f:186:16:186:25":16,"s:187:2:187:Infinity":58,"f:190:16:190:31":17,"s:191:23:191:68":59,"s:192:20:192:56":60,"s:193:15:193:31":61,"s:194:24:194:58":62,"s:195:16:195:46":63,"s:196:18:196:36":64,"s:197:2:197:Infinity":65,"f:200:16:200:32":18,"s:201:24:201:26":66,"s:202:21:202:23":67,"s:203:2:207:Infinity":68,"f:203:30:203:31":19,"s:204:17:204:42":69,"s:205:4:205:Infinity":70,"b:205:35:205:62:205:66:205:67":1,"s:206:4:206:Infinity":71,"b:206:29:206:50:206:54:206:55":2,"s:208:21:208:84":72,"f:208:56:208:57":20,"s:208:66:208:77":73,"s:209:18:209:78":74,"f:209:50:209:51":21,"s:209:60:209:71":75,"s:210:2:210:Infinity":76,"f:213:16:213:27":22,"s:214:13:214:97":77,"s:215:14:215:67":78,"s:216:21:221:5":79,"f:216:46:216:47":23,"s:216:70:221:3":80,"s:223:17:223:38":81,"s:224:19:224:70":82,"s:225:18:225:43":83,"s:226:18:226:30":84,"s:227:15:227:66":85,"f:227:31:227:32":24,"s:227:43:227:65":86,"s:228:14:228:64":87,"f:228:30:228:31":25,"s:228:42:228:63":88,"s:229:16:229:68":89,"f:229:32:229:33":26,"s:229:44:229:67":90,"s:230:15:230:66":91,"f:230:31:230:32":27,"s:230:43:230:65":92,"s:231:18:231:72":93,"f:231:34:231:35":28,"s:231:46:231:71":94,"s:232:17:232:70":95,"f:232:33:232:34":29,"s:232:45:232:69":96,"s:233:15:233:66":97,"f:233:31:233:32":30,"s:233:43:233:65":98,"s:234:19:234:47":99,"s:236:2:253:Infinity":100,"f:256:16:256:30":31,"s:257:22:257:46":101,"s:258:20:258:45":102,"s:259:21:259:45":103,"s:260:22:260:47":104,"s:261:19:261:40":105,"s:262:21:262:51":106,"s:263:22:263:50":107,"s:265:2:298:Infinity":108,"f:296:117:296:118":32,"s:296:129:296:151":109,"f:296:234:296:235":33,"s:296:246:296:268":110,"f:301:16:301:27":34,"s:302:2:307:Infinity":111},"fnNames":{}}}
,"D:\\My_AI_App\\src\\astrology\\index.js": {"path":"D:\\My_AI_App\\src\\astrology\\index.js","statementMap":{},"fnMap":{},"branchMap":{},"s":{},"f":{},"b":{},"meta":{"lastBranch":0,"lastFunction":0,"lastStatement":0,"seen":{},"fnNames":{}}}
,"D:\\My_AI_App\\src\\astrology\\planetInterpretations.js": {"path":"D:\\My_AI_App\\src\\astrology\\planetInterpretations.js","statementMap":{"0":{"start":{"line":6,"column":17},"end":{"line":6,"column":59}},"1":{"start":{"line":7,"column":4},"end":{"line":7,"column":null}},"2":{"start":{"line":11,"column":21},"end":{"line":11,"column":37}},"3":{"start":{"line":12,"column":20},"end":{"line":12,"column":39}},"4":{"start":{"line":13,"column":18},"end":{"line":13,"column":30}},"5":{"start":{"line":15,"column":22},"end":{"line":15,"column":24}},"6":{"start":{"line":16,"column":31},"end":{"line":16,"column":33}},"7":{"start":{"line":17,"column":26},"end":{"line":17,"column":28}},"8":{"start":{"line":18,"column":24},"end":{"line":18,"column":26}},"9":{"start":{"line":19,"column":26},"end":{"line":19,"column":28}},"10":{"start":{"line":20,"column":26},"end":{"line":20,"column":28}},"11":{"start":{"line":22,"column":4},"end":{"line":122,"column":null}},"12":{"start":{"line":24,"column":8},"end":{"line":24,"column":null}},"13":{"start":{"line":25,"column":8},"end":{"line":25,"column":null}},"14":{"start":{"line":26,"column":8},"end":{"line":26,"column":null}},"15":{"start":{"line":27,"column":8},"end":{"line":27,"column":null}},"16":{"start":{"line":28,"column":8},"end":{"line":28,"column":null}},"17":{"start":{"line":29,"column":8},"end":{"line":29,"column":null}},"18":{"start":{"line":30,"column":8},"end":{"line":30,"column":null}},"19":{"start":{"line":32,"column":8},"end":{"line":32,"column":null}},"20":{"start":{"line":33,"column":8},"end":{"line":33,"column":null}},"21":{"start":{"line":34,"column":8},"end":{"line":34,"column":null}},"22":{"start":{"line":35,"column":8},"end":{"line":35,"column":null}},"23":{"start":{"line":36,"column":8},"end":{"line":36,"column":null}},"24":{"start":{"line":37,"column":8},"end":{"line":37,"column":null}},"25":{"start":{"line":38,"column":8},"end":{"line":38,"column":null}},"26":{"start":{"line":40,"column":8},"end":{"line":40,"column":null}},"27":{"start":{"line":41,"column":8},"end":{"line":41,"column":null}},"28":{"start":{"line":42,"column":8},"end":{"line":42,"column":null}},"29":{"start":{"line":43,"column":8},"end":{"line":43,"column":null}},"30":{"start":{"line":44,"column":8},"end":{"line":44,"column":null}},"31":{"start":{"line":45,"column":8},"end":{"line":45,"column":null}},"32":{"start":{"line":46,"column":8},"end":{"line":46,"column":null}},"33":{"start":{"line":48,"column":8},"end":{"line":48,"column":null}},"34":{"start":{"line":49,"column":8},"end":{"line":49,"column":null}},"35":{"start":{"line":50,"column":8},"end":{"line":50,"column":null}},"36":{"start":{"line":51,"column":8},"end":{"line":51,"column":null}},"37":{"start":{"line":52,"column":8},"end":{"line":52,"column":null}},"38":{"start":{"line":53,"column":8},"end":{"line":53,"column":null}},"39":{"start":{"line":54,"column":8},"end":{"line":54,"column":null}},"40":{"start":{"line":56,"column":8},"end":{"line":56,"column":null}},"41":{"start":{"line":57,"column":8},"end":{"line":57,"column":null}},"42":{"start":{"line":58,"column":8},"end":{"line":58,"column":null}},"43":{"start":{"line":59,"column":8},"end":{"line":59,"column":null}},"44":{"start":{"line":60,"column":8},"end":{"line":60,"column":null}},"45":{"start":{"line":61,"column":8},"end":{"line":61,"column":null}},"46":{"start":{"line":62,"column":8},"end":{"line":62,"column":null}},"47":{"start":{"line":64,"column":8},"end":{"line":64,"column":null}},"48":{"start":{"line":65,"column":8},"end":{"line":65,"column":null}},"49":{"start":{"line":66,"column":8},"end":{"line":66,"column":null}},"50":{"start":{"line":67,"column":8},"end":{"line":67,"column":null}},"51":{"start":{"line":68,"column":8},"end":{"line":68,"column":null}},"52":{"start":{"line":69,"column":8},"end":{"line":69,"column":null}},"53":{"start":{"line":70,"column":8},"end":{"line":70,"column":null}},"54":{"start":{"line":72,"column":8},"end":{"line":72,"column":null}},"55":{"start":{"line":73,"column":8},"end":{"line":73,"column":null}},"56":{"start":{"line":74,"column":8},"end":{"line":74,"column":null}},"57":{"start":{"line":75,"column":8},"end":{"line":75,"column":null}},"58":{"start":{"line":76,"column":8},"end":{"line":76,"column":null}},"59":{"start":{"line":77,"column":8},"end":{"line":77,"column":null}},"60":{"start":{"line":78,"column":8},"end":{"line":78,"column":null}},"61":{"start":{"line":80,"column":8},"end":{"line":80,"column":null}},"62":{"start":{"line":81,"column":8},"end":{"line":81,"column":null}},"63":{"start":{"line":82,"column":8},"end":{"line":82,"column":null}},"64":{"start":{"line":83,"column":8},"end":{"line":83,"column":null}},"65":{"start":{"line":84,"column":8},"end":{"line":84,"column":null}},"66":{"start":{"line":85,"column":8},"end":{"line":85,"column":null}},"67":{"start":{"line":86,"column":8},"end":{"line":86,"column":null}},"68":{"start":{"line":88,"column":8},"end":{"line":88,"column":null}},"69":{"start":{"line":89,"column":8},"end":{"line":89,"column":null}},"70":{"start":{"line":90,"column":8},"end":{"line":90,"column":null}},"71":{"start":{"line":91,"column":8},"end":{"line":91,"column":null}},"72":{"start":{"line":92,"column":8},"end":{"line":92,"column":null}},"73":{"start":{"line":93,"column":8},"end":{"line":93,"column":null}},"74":{"start":{"line":94,"column":8},"end":{"line":94,"column":null}},"75":{"start":{"line":96,"column":8},"end":{"line":96,"column":null}},"76":{"start":{"line":97,"column":8},"end":{"line":97,"column":null}},"77":{"start":{"line":98,"column":8},"end":{"line":98,"column":null}},"78":{"start":{"line":99,"column":8},"end":{"line":99,"column":null}},"79":{"start":{"line":100,"column":8},"end":{"line":100,"column":null}},"80":{"start":{"line":101,"column":8},"end":{"line":101,"column":null}},"81":{"start":{"line":102,"column":8},"end":{"line":102,"column":null}},"82":{"start":{"line":104,"column":8},"end":{"line":104,"column":null}},"83":{"start":{"line":105,"column":8},"end":{"line":105,"column":null}},"84":{"start":{"line":106,"column":8},"end":{"line":106,"column":null}},"85":{"start":{"line":107,"column":8},"end":{"line":107,"column":null}},"86":{"start":{"line":108,"column":8},"end":{"line":108,"column":null}},"87":{"start":{"line":109,"column":8},"end":{"line":109,"column":null}},"88":{"start":{"line":110,"column":8},"end":{"line":110,"column":null}},"89":{"start":{"line":112,"column":8},"end":{"line":112,"column":null}},"90":{"start":{"line":113,"column":8},"end":{"line":113,"column":null}},"91":{"start":{"line":114,"column":8},"end":{"line":114,"column":null}},"92":{"start":{"line":115,"column":8},"end":{"line":115,"column":null}},"93":{"start":{"line":116,"column":8},"end":{"line":116,"column":null}},"94":{"start":{"line":117,"column":8},"end":{"line":117,"column":null}},"95":{"start":{"line":118,"column":8},"end":{"line":118,"column":null}},"96":{"start":{"line":120,"column":8},"end":{"line":120,"column":null}},"97":{"start":{"line":121,"column":8},"end":{"line":121,"column":null}},"98":{"start":{"line":124,"column":4},"end":{"line":132,"column":null}}},"fnMap":{"0":{"name":"calculateStrength","decl":{"start":{"line":2,"column":11},"end":{"line":2,"column":28}},"loc":{"start":{"line":2,"column":37},"end":{"line":8,"column":null}},"line":2},"1":{"name":"getPlanetInterpretation","decl":{"start":{"line":10,"column":16},"end":{"line":10,"column":39}},"loc":{"start":{"line":10,"column":48},"end":{"line":133,"column":null}},"line":10}},"branchMap":{"0":{"loc":{"start":{"line":22,"column":4},"end":{"line":122,"column":null}},"type":"switch","locations":[{"start":{"line":23,"column":6},"end":{"line":30,"column":null}},{"start":{"line":31,"column":6},"end":{"line":38,"column":null}},{"start":{"line":39,"column":6},"end":{"line":46,"column":null}},{"start":{"line":47,"column":6},"end":{"line":54,"column":null}},{"start":{"line":55,"column":6},"end":{"line":62,"column":null}},{"start":{"line":63,"column":6},"end":{"line":70,"column":null}},{"start":{"line":71,"column":6},"end":{"line":78,"column":null}},{"start":{"line":79,"column":6},"end":{"line":86,"column":null}},{"start":{"line":87,"column":6},"end":{"line":94,"column":null}},{"start":{"line":95,"column":6},"end":{"line":102,"column":null}},{"start":{"line":103,"column":6},"end":{"line":110,"column":null}},{"start":{"line":111,"column":6},"end":{"line":118,"column":null}},{"start":{"line":119,"column":6},"end":{"line":121,"column":null}}],"line":22}},"s":{"0":0,"1":0,"2":0,"3":0,"4":0,"5":0,"6":0,"7":0,"8":0,"9":0,"10":0,"11":0,"12":0,"13":0,"14":0,"15":0,"16":0,"17":0,"18":0,"19":0,"20":0,"21":0,"22":0,"23":0,"24":0,"25":0,"26":0,"27":0,"28":0,"29":0,"30":0,"31":0,"32":0,"33":0,"34":0,"35":0,"36":0,"37":0,"38":0,"39":0,"40":0,"41":0,"42":0,"43":0,"44":0,"45":0,"46":0,"47":0,"48":0,"49":0,"50":0,"51":0,"52":0,"53":0,"54":0,"55":0,"56":0,"57":0,"58":0,"59":0,"60":0,"61":0,"62":0,"63":0,"64":0,"65":0,"66":0,"67":0,"68":0,"69":0,"70":0,"71":0,"72":0,"73":0,"74":0,"75":0,"76":0,"77":0,"78":0,"79":0,"80":0,"81":0,"82":0,"83":0,"84":0,"85":0,"86":0,"87":0,"88":0,"89":0,"90":0,"91":0,"92":0,"93":0,"94":0,"95":0,"96":0,"97":0,"98":0},"f":{"0":0,"1":0},"b":{"0":[0,0,0,0,0,0,0,0,0,0,0,0,0]},"meta":{"lastBranch":1,"lastFunction":2,"lastStatement":99,"seen":{"f:2:11:2:28":0,"s:6:17:6:59":0,"s:7:4:7:Infinity":1,"f:10:16:10:39":1,"s:11:21:11:37":2,"s:12:20:12:39":3,"s:13:18:13:30":4,"s:15:22:15:24":5,"s:16:31:16:33":6,"s:17:26:17:28":7,"s:18:24:18:26":8,"s:19:26:19:28":9,"s:20:26:20:28":10,"b:23:6:30:Infinity:31:6:38:Infinity:39:6:46:Infinity:47:6:54:Infinity:55:6:62:Infinity:63:6:70:Infinity:71:6:78:Infinity:79:6:86:Infinity:87:6:94:Infinity:95:6:102:Infinity:103:6:110:Infinity:111:6:118:Infinity:119:6:121:Infinity":0,"s:22:4:122:Infinity":11,"s:24:8:24:Infinity":12,"s:25:8:25:Infinity":13,"s:26:8:26:Infinity":14,"s:27:8:27:Infinity":15,"s:28:8:28:Infinity":16,"s:29:8:29:Infinity":17,"s:30:8:30:Infinity":18,"s:32:8:32:Infinity":19,"s:33:8:33:Infinity":20,"s:34:8:34:Infinity":21,"s:35:8:35:Infinity":22,"s:36:8:36:Infinity":23,"s:37:8:37:Infinity":24,"s:38:8:38:Infinity":25,"s:40:8:40:Infinity":26,"s:41:8:41:Infinity":27,"s:42:8:42:Infinity":28,"s:43:8:43:Infinity":29,"s:44:8:44:Infinity":30,"s:45:8:45:Infinity":31,"s:46:8:46:Infinity":32,"s:48:8:48:Infinity":33,"s:49:8:49:Infinity":34,"s:50:8:50:Infinity":35,"s:51:8:51:Infinity":36,"s:52:8:52:Infinity":37,"s:53:8:53:Infinity":38,"s:54:8:54:Infinity":39,"s:56:8:56:Infinity":40,"s:57:8:57:Infinity":41,"s:58:8:58:Infinity":42,"s:59:8:59:Infinity":43,"s:60:8:60:Infinity":44,"s:61:8:61:Infinity":45,"s:62:8:62:Infinity":46,"s:64:8:64:Infinity":47,"s:65:8:65:Infinity":48,"s:66:8:66:Infinity":49,"s:67:8:67:Infinity":50,"s:68:8:68:Infinity":51,"s:69:8:69:Infinity":52,"s:70:8:70:Infinity":53,"s:72:8:72:Infinity":54,"s:73:8:73:Infinity":55,"s:74:8:74:Infinity":56,"s:75:8:75:Infinity":57,"s:76:8:76:Infinity":58,"s:77:8:77:Infinity":59,"s:78:8:78:Infinity":60,"s:80:8:80:Infinity":61,"s:81:8:81:Infinity":62,"s:82:8:82:Infinity":63,"s:83:8:83:Infinity":64,"s:84:8:84:Infinity":65,"s:85:8:85:Infinity":66,"s:86:8:86:Infinity":67,"s:88:8:88:Infinity":68,"s:89:8:89:Infinity":69,"s:90:8:90:Infinity":70,"s:91:8:91:Infinity":71,"s:92:8:92:Infinity":72,"s:93:8:93:Infinity":73,"s:94:8:94:Infinity":74,"s:96:8:96:Infinity":75,"s:97:8:97:Infinity":76,"s:98:8:98:Infinity":77,"s:99:8:99:Infinity":78,"s:100:8:100:Infinity":79,"s:101:8:101:Infinity":80,"s:102:8:102:Infinity":81,"s:104:8:104:Infinity":82,"s:105:8:105:Infinity":83,"s:106:8:106:Infinity":84,"s:107:8:107:Infinity":85,"s:108:8:108:Infinity":86,"s:109:8:109:Infinity":87,"s:110:8:110:Infinity":88,"s:112:8:112:Infinity":89,"s:113:8:113:Infinity":90,"s:114:8:114:Infinity":91,"s:115:8:115:Infinity":92,"s:116:8:116:Infinity":93,"s:117:8:117:Infinity":94,"s:118:8:118:Infinity":95,"s:120:8:120:Infinity":96,"s:121:8:121:Infinity":97,"s:124:4:132:Infinity":98},"fnNames":{}}}
}
